<?xml version="1.0" encoding="UTF-8" ?>
<testsuite tests="45" failures="0" name="ui.StepDefinitions.RunCukesTest" time="19.553" errors="0" skipped="0">
  <properties>
    <property name="java.runtime.name" value="Java(TM) SE Runtime Environment"/>
    <property name="sun.boot.library.path" value="C:\Program Files\Java\jdk1.8.0_131\jre\bin"/>
    <property name="java.vm.version" value="25.131-b11"/>
    <property name="java.vm.vendor" value="Oracle Corporation"/>
    <property name="maven.multiModuleProjectDirectory" value="C:\Users\Faiz\Desktop\Generic.Web.Baseproj"/>
    <property name="java.vendor.url" value="http://java.oracle.com/"/>
    <property name="path.separator" value=";"/>
    <property name="guice.disable.misplaced.annotation.check" value="true"/>
    <property name="java.vm.name" value="Java HotSpot(TM) 64-Bit Server VM"/>
    <property name="file.encoding.pkg" value="sun.io"/>
    <property name="user.script" value=""/>
    <property name="user.country" value="US"/>
    <property name="sun.java.launcher" value="SUN_STANDARD"/>
    <property name="sun.os.patch.level" value=""/>
    <property name="java.vm.specification.name" value="Java Virtual Machine Specification"/>
    <property name="user.dir" value="C:\Users\Faiz\Desktop\Generic.Web.Baseproj"/>
    <property name="java.runtime.version" value="1.8.0_131-b11"/>
    <property name="java.awt.graphicsenv" value="sun.awt.Win32GraphicsEnvironment"/>
    <property name="java.endorsed.dirs" value="C:\Program Files\Java\jdk1.8.0_131\jre\lib\endorsed"/>
    <property name="os.arch" value="amd64"/>
    <property name="java.io.tmpdir" value="C:\Users\Faiz\AppData\Local\Temp\"/>
    <property name="line.separator" value="
"/>
    <property name="java.vm.specification.vendor" value="Oracle Corporation"/>
    <property name="user.variant" value=""/>
    <property name="os.name" value="Windows 10"/>
    <property name="classworlds.conf" value="C:\Users\Faiz\eclipse-workspace\.metadata\.plugins\org.eclipse.m2e.launching\launches\m2conf7902049431264989870.tmp"/>
    <property name="sun.jnu.encoding" value="Cp1252"/>
    <property name="java.library.path" value="C:\Program Files\Java\jdk1.8.0_131\bin;C:\Windows\Sun\Java\bin;C:\Windows\system32;C:\Windows;C:/Program Files/Java/jdk1.8.0_131/jre/bin/server;C:/Program Files/Java/jdk1.8.0_131/jre/bin;C:/Program Files/Java/jdk1.8.0_131/jre/lib/amd64;E:\Python27\;E:\Python27\Scripts;C:\Windows\system32;C:\Windows;C:\Windows\System32\Wbem;C:\Windows\System32\WindowsPowerShell\v1.0\;C:\Program Files (x86)\Skype\Phone\;C:\Program Files\nodejs\;C:\Program Files (x86)\HP\LeanFT\bin;C:\Users\Faiz\AppData\Roaming\npm;C:\Users\Faiz\Desktop;;C:\Program Files (x86)\HP\LeanFT\\bin64;."/>
    <property name="java.specification.name" value="Java Platform API Specification"/>
    <property name="java.class.version" value="52.0"/>
    <property name="sun.management.compiler" value="HotSpot 64-Bit Tiered Compilers"/>
    <property name="os.version" value="10.0"/>
    <property name="user.home" value="C:\Users\Faiz"/>
    <property name="user.timezone" value="Europe/London"/>
    <property name="java.awt.printerjob" value="sun.awt.windows.WPrinterJob"/>
    <property name="java.specification.version" value="1.8"/>
    <property name="file.encoding" value="Cp1252"/>
    <property name="user.name" value="Faiz"/>
    <property name="java.class.path" value="/C:/Users/Faiz/.p2/pool/plugins/org.eclipse.m2e.maven.runtime_1.8.0.20170516-2042/jars/plexus-classworlds-2.5.2.jar"/>
    <property name="java.vm.specification.version" value="1.8"/>
    <property name="sun.arch.data.model" value="64"/>
    <property name="java.home" value="C:\Program Files\Java\jdk1.8.0_131\jre"/>
    <property name="sun.java.command" value="org.codehaus.plexus.classworlds.launcher.Launcher -B install"/>
    <property name="java.specification.vendor" value="Oracle Corporation"/>
    <property name="user.language" value="en"/>
    <property name="awt.toolkit" value="sun.awt.windows.WToolkit"/>
    <property name="java.vm.info" value="mixed mode"/>
    <property name="java.version" value="1.8.0_131"/>
    <property name="java.ext.dirs" value="C:\Program Files\Java\jdk1.8.0_131\jre\lib\ext;C:\Windows\Sun\Java\lib\ext"/>
    <property name="sun.boot.class.path" value="C:\Program Files\Java\jdk1.8.0_131\jre\lib\resources.jar;C:\Program Files\Java\jdk1.8.0_131\jre\lib\rt.jar;C:\Program Files\Java\jdk1.8.0_131\jre\lib\sunrsasign.jar;C:\Program Files\Java\jdk1.8.0_131\jre\lib\jsse.jar;C:\Program Files\Java\jdk1.8.0_131\jre\lib\jce.jar;C:\Program Files\Java\jdk1.8.0_131\jre\lib\charsets.jar;C:\Program Files\Java\jdk1.8.0_131\jre\lib\jfr.jar;C:\Program Files\Java\jdk1.8.0_131\jre\classes;C:\Program Files (x86)\HP\LeanFT\bin\java_shared\classes;C:\Program Files (x86)\HP\LeanFT\bin\java_shared\classes\jasmine.jar"/>
    <property name="java.vendor" value="Oracle Corporation"/>
    <property name="maven.home" value="C:\Users\Faiz\Desktop\Generic.Web.Baseproj\EMBEDDED"/>
    <property name="file.separator" value="\"/>
    <property name="java.vendor.url.bug" value="http://bugreport.sun.com/bugreport/"/>
    <property name="sun.cpu.endian" value="little"/>
    <property name="sun.io.unicode.encoding" value="UnicodeLittle"/>
    <property name="sun.desktop" value="windows"/>
    <property name="sun.cpu.isalist" value="amd64"/>
  </properties>
  <testcase classname="Scenario: Verify Title of Home Page" name="Given I am on HomePage" time="0.009"/>
  <testcase classname="Scenario: Verify Title of Home Page" name="Then Page title should be &quot;My Store&quot;" time="0"/>
  <testcase classname="Scenario: Verify Title of Home Page" name="Scenario: Verify Title of Home Page" time="3.374"/>
  <testcase classname="Scenario: Verify Item is added to the cart" name="Given I am on HomePage" time="0.003"/>
  <testcase classname="Scenario: Verify Item is added to the cart" name="When I hover over first item" time="0"/>
  <testcase classname="Scenario: Verify Item is added to the cart" name="And I click add to cart button" time="0"/>
  <testcase classname="Scenario: Verify Item is added to the cart" name="Then I should see item has been added to cart message is displayed" time="0"/>
  <testcase classname="Scenario: Verify Item is added to the cart" name="Scenario: Verify Item is added to the cart" time="3.154"/>
  <testcase classname="Scenario: Verify Registering a user" name="Given I am on HomePage" time="0"/>
  <testcase classname="Scenario: Verify Registering a user" name="When I click sign in button" time="0"/>
  <testcase classname="Scenario: Verify Registering a user" name="And I enter my email under create an account header" time="0"/>
  <testcase classname="Scenario: Verify Registering a user" name="And I click create an account button" time="0"/>
  <testcase classname="Scenario: Verify Registering a user" name="And I enter random details" time="0"/>
  <testcase classname="Scenario: Verify Registering a user" name="And I click register button" time="0"/>
  <testcase classname="Scenario: Verify Registering a user" name="Then I should see I have successfully registered" time="0"/>
  <testcase classname="Scenario: Verify Registering a user" name="Scenario: Verify Registering a user" time="3.08"/>
  <testcase classname="Scenario: Verify Login a user" name="Given I am on HomePage" time="0"/>
  <testcase classname="Scenario: Verify Login a user" name="When I click sign in button" time="0"/>
  <testcase classname="Scenario: Verify Login a user" name="And I enter my Email" time="0"/>
  <testcase classname="Scenario: Verify Login a user" name="And I enter my password" time="0"/>
  <testcase classname="Scenario: Verify Login a user" name="And I click login button" time="0"/>
  <testcase classname="Scenario: Verify Login a user" name="Then I should see I have successfully logged in" time="0"/>
  <testcase classname="Scenario: Verify Login a user" name="Scenario: Verify Login a user" time="3.008"/>
  <testcase classname="Scenario: Verify Login a user" name="Given I am on HomePage" time="0"/>
  <testcase classname="Scenario: Verify Login a user" name="When I click sign in button" time="0"/>
  <testcase classname="Scenario: Verify Login a user" name="And I enter Random Email" time="0"/>
  <testcase classname="Scenario: Verify Login a user" name="And I enter Random Password" time="0"/>
  <testcase classname="Scenario: Verify Login a user" name="And I click login button" time="0"/>
  <testcase classname="Scenario: Verify Login a user" name="Then I should see login error is displayed" time="0"/>
  <testcase classname="Scenario: Verify Login a user" name="Scenario: Verify Login a user" time="2.96"/>
  <testcase classname="Scenario: Verify purchase item path" name="Given I am on HomePage" time="0.001"/>
  <testcase classname="Scenario: Verify purchase item path" name="When I hover over first item" time="0"/>
  <testcase classname="Scenario: Verify purchase item path" name="And I click add to cart button" time="0"/>
  <testcase classname="Scenario: Verify purchase item path" name="And I click checkout button" time="0"/>
  <testcase classname="Scenario: Verify purchase item path" name="And I click proceed to checkout button" time="0"/>
  <testcase classname="Scenario: Verify purchase item path" name="And I enter my Email" time="0"/>
  <testcase classname="Scenario: Verify purchase item path" name="And I enter my password" time="0"/>
  <testcase classname="Scenario: Verify purchase item path" name="And I click login button" time="0"/>
  <testcase classname="Scenario: Verify purchase item path" name="And I click Proceed to shipment button" time="0"/>
  <testcase classname="Scenario: Verify purchase item path" name="And I accept Terms and Conditions" time="0"/>
  <testcase classname="Scenario: Verify purchase item path" name="And I click proceed to payment button" time="0"/>
  <testcase classname="Scenario: Verify purchase item path" name="And I click Pay by bank button" time="0"/>
  <testcase classname="Scenario: Verify purchase item path" name="And I click confirm my order button" time="0"/>
  <testcase classname="Scenario: Verify purchase item path" name="Then I should see text &quot;Your order on My Store is complete.&quot; on the page" time="0"/>
  <testcase classname="Scenario: Verify purchase item path" name="Scenario: Verify purchase item path" time="3.964"/>
</testsuite>